[2024-02-24T19:27:11.510+0000] {taskinstance.py:1956} INFO - Dependencies all met for dep_context=non-requeueable deps ti=<TaskInstance: example_python_operator.virtualenv_python manual__2024-02-24T19:27:00.848119+00:00 [queued]>
[2024-02-24T19:27:11.515+0000] {taskinstance.py:1956} INFO - Dependencies all met for dep_context=requeueable deps ti=<TaskInstance: example_python_operator.virtualenv_python manual__2024-02-24T19:27:00.848119+00:00 [queued]>
[2024-02-24T19:27:11.515+0000] {taskinstance.py:2170} INFO - Starting attempt 1 of 1
[2024-02-24T19:27:11.521+0000] {taskinstance.py:2191} INFO - Executing <Task(PythonVirtualenvOperator): virtualenv_python> on 2024-02-24 19:27:00.848119+00:00
[2024-02-24T19:27:11.527+0000] {standard_task_runner.py:60} INFO - Started process 152 to run task
[2024-02-24T19:27:11.530+0000] {standard_task_runner.py:87} INFO - Running: ['***', 'tasks', 'run', 'example_python_operator', 'virtualenv_python', 'manual__2024-02-24T19:27:00.848119+00:00', '--job-id', '16', '--raw', '--subdir', '/home/***/.local/lib/python3.8/site-packages/***/example_dags/example_python_operator.py', '--cfg-path', '/tmp/tmph_1lwbcm']
[2024-02-24T19:27:11.532+0000] {standard_task_runner.py:88} INFO - Job 16: Subtask virtualenv_python
[2024-02-24T19:27:11.558+0000] {task_command.py:423} INFO - Running <TaskInstance: example_python_operator.virtualenv_python manual__2024-02-24T19:27:00.848119+00:00 [running]> on host ce9b59703482
[2024-02-24T19:27:11.603+0000] {taskinstance.py:2480} INFO - Exporting env vars: AIRFLOW_CTX_DAG_OWNER='***' AIRFLOW_CTX_DAG_ID='example_python_operator' AIRFLOW_CTX_TASK_ID='virtualenv_python' AIRFLOW_CTX_EXECUTION_DATE='2024-02-24T19:27:00.848119+00:00' AIRFLOW_CTX_TRY_NUMBER='1' AIRFLOW_CTX_DAG_RUN_ID='manual__2024-02-24T19:27:00.848119+00:00'
[2024-02-24T19:27:11.607+0000] {process_utils.py:182} INFO - Executing cmd: /usr/local/bin/python -m virtualenv /tmp/venv966fsia9 --python=python
[2024-02-24T19:27:11.619+0000] {process_utils.py:186} INFO - Output:
[2024-02-24T19:27:12.522+0000] {process_utils.py:190} INFO - created virtual environment CPython3.8.18.final.0-64 in 519ms
[2024-02-24T19:27:12.528+0000] {process_utils.py:190} INFO -   creator CPython3Posix(dest=/tmp/venv966fsia9, clear=False, no_vcs_ignore=False, global=False)
[2024-02-24T19:27:12.529+0000] {process_utils.py:190} INFO -   seeder FromAppData(download=False, pip=bundle, setuptools=bundle, wheel=bundle, via=copy, app_data_dir=/home/***/.local/share/virtualenv)
[2024-02-24T19:27:12.531+0000] {process_utils.py:190} INFO -     added seed packages: pip==23.3.1, setuptools==69.0.2, wheel==0.42.0
[2024-02-24T19:27:12.531+0000] {process_utils.py:190} INFO -   activators BashActivator,CShellActivator,FishActivator,NushellActivator,PowerShellActivator,PythonActivator
[2024-02-24T19:27:12.572+0000] {process_utils.py:182} INFO - Executing cmd: /tmp/venv966fsia9/bin/pip install -r /tmp/venv966fsia9/requirements.txt
[2024-02-24T19:27:12.579+0000] {process_utils.py:186} INFO - Output:
[2024-02-24T19:27:13.941+0000] {process_utils.py:190} INFO - Collecting colorama==0.4.0 (from -r /tmp/venv966fsia9/requirements.txt (line 1))
[2024-02-24T19:27:14.562+0000] {process_utils.py:190} INFO -   Downloading colorama-0.4.0-py2.py3-none-any.whl (21 kB)
[2024-02-24T19:27:14.595+0000] {process_utils.py:190} INFO - Installing collected packages: colorama
[2024-02-24T19:27:14.604+0000] {process_utils.py:190} INFO - Successfully installed colorama-0.4.0
[2024-02-24T19:27:14.740+0000] {process_utils.py:190} INFO - 
[2024-02-24T19:27:14.740+0000] {process_utils.py:190} INFO - [notice] A new release of pip is available: 23.3.1 -> 24.0
[2024-02-24T19:27:14.740+0000] {process_utils.py:190} INFO - [notice] To update, run: python -m pip install --upgrade pip
[2024-02-24T19:27:14.799+0000] {process_utils.py:182} INFO - Executing cmd: /tmp/venv966fsia9/bin/python /tmp/venv-call4q19kbxt/script.py /tmp/venv-call4q19kbxt/script.in /tmp/venv-call4q19kbxt/script.out /tmp/venv-call4q19kbxt/string_args.txt /tmp/venv-call4q19kbxt/termination.log
[2024-02-24T19:27:14.806+0000] {process_utils.py:186} INFO - Output:
[2024-02-24T19:27:14.824+0000] {process_utils.py:190} INFO - [31msome red text
[2024-02-24T19:27:14.824+0000] {process_utils.py:190} INFO - [42mand with a green background
[2024-02-24T19:27:14.824+0000] {process_utils.py:190} INFO - [2mand in dim text
[2024-02-24T19:27:14.825+0000] {process_utils.py:190} INFO - [0m
[2024-02-24T19:27:14.825+0000] {process_utils.py:190} INFO - [2mPlease wait...
[2024-02-24T19:27:15.826+0000] {process_utils.py:190} INFO - [2mPlease wait...
[2024-02-24T19:27:16.828+0000] {process_utils.py:190} INFO - [2mPlease wait...
[2024-02-24T19:27:17.829+0000] {process_utils.py:190} INFO - [2mPlease wait...
[2024-02-24T19:27:18.832+0000] {process_utils.py:190} INFO - Finished
[2024-02-24T19:27:18.880+0000] {python.py:201} INFO - Done. Returned value was: None
[2024-02-24T19:27:18.899+0000] {taskinstance.py:1138} INFO - Marking task as SUCCESS. dag_id=example_python_operator, task_id=virtualenv_python, execution_date=20240224T192700, start_date=20240224T192711, end_date=20240224T192718
[2024-02-24T19:27:18.930+0000] {local_task_job_runner.py:234} INFO - Task exited with return code 0
[2024-02-24T19:27:18.950+0000] {taskinstance.py:3280} INFO - 0 downstream tasks scheduled from follow-on schedule check
